mode: set
epam.com/go/proxyCacheServer/main.go:20.13,22.2 1 1
epam.com/go/proxyCacheServer/main.go:24.67,26.11 2 1
epam.com/go/proxyCacheServer/main.go:31.2,31.14 1 1
epam.com/go/proxyCacheServer/main.go:26.11,30.3 3 1
epam.com/go/proxyCacheServer/main.go:34.66,36.32 2 1
epam.com/go/proxyCacheServer/main.go:45.2,45.97 1 1
epam.com/go/proxyCacheServer/main.go:49.2,51.27 3 1
epam.com/go/proxyCacheServer/main.go:36.32,38.3 1 1
epam.com/go/proxyCacheServer/main.go:38.8,38.39 1 1
epam.com/go/proxyCacheServer/main.go:38.39,40.3 1 1
epam.com/go/proxyCacheServer/main.go:40.8,43.3 2 1
epam.com/go/proxyCacheServer/main.go:45.97,48.3 2 1
epam.com/go/proxyCacheServer/main.go:51.27,53.3 1 1
epam.com/go/proxyCacheServer/main.go:53.8,55.57 2 1
epam.com/go/proxyCacheServer/main.go:59.3,61.17 3 1
epam.com/go/proxyCacheServer/main.go:65.3,69.25 5 1
epam.com/go/proxyCacheServer/main.go:55.57,58.4 2 1
epam.com/go/proxyCacheServer/main.go:61.17,64.4 2 0
epam.com/go/proxyCacheServer/main.go:73.67,76.12 3 1
epam.com/go/proxyCacheServer/main.go:86.2,93.12 2 1
epam.com/go/proxyCacheServer/main.go:103.2,103.26 1 1
epam.com/go/proxyCacheServer/main.go:76.12,80.69 2 1
epam.com/go/proxyCacheServer/main.go:80.69,83.4 1 0
epam.com/go/proxyCacheServer/main.go:93.12,97.95 2 1
epam.com/go/proxyCacheServer/main.go:97.95,100.4 1 0
epam.com/go/proxyCacheServer/main.go:105.13,108.2 2 0
